This file contains any messages produced by compilers while
running configure, to aid debugging if configure makes a mistake.

It was created by date chmod link uname configure 0.4, which was
generated by GNU Autoconf 2.71.  Invocation command line was

  $ ./configure --prefix=/usr CC=clang

## --------- ##
## Platform. ##
## --------- ##

hostname = ethan-archlinux
uname -m = x86_64
uname -r = 5.11.13-hardened1-1-hardened
uname -s = Linux
uname -v = #1 SMP PREEMPT Mon, 12 Apr 2021 21:25:09 +0000

/usr/bin/uname -p = unknown
/bin/uname -X     = unknown

/bin/arch              = unknown
/usr/bin/arch -k       = unknown
/usr/convex/getsysinfo = unknown
/usr/bin/hostinfo      = unknown
/bin/machine           = unknown
/usr/bin/oslevel       = unknown
/bin/universe          = unknown

PATH: /usr/local/sbin/
PATH: /usr/local/bin/
PATH: /usr/bin/
PATH: /var/lib/flatpak/exports/bin/
PATH: /usr/bin/site_perl/
PATH: /usr/bin/vendor_perl/
PATH: /usr/bin/core_perl/


## ----------- ##
## Core tests. ##
## ----------- ##

configure:2095: looking for aux files: compile missing install-sh
configure:2108:  trying ./
configure:2137:   ./compile found
configure:2137:   ./missing found
configure:2119:   ./install-sh found
configure:2267: checking for a BSD-compatible install
configure:2340: result: /usr/bin/install -c
configure:2351: checking whether build environment is sane
configure:2406: result: yes
configure:2565: checking for a race-free mkdir -p
configure:2609: result: /usr/bin/mkdir -p
configure:2616: checking for gawk
configure:2637: found /usr/bin/gawk
configure:2648: result: gawk
configure:2659: checking whether make sets $(MAKE)
configure:2682: result: yes
configure:2712: checking whether make supports nested variables
configure:2730: result: yes
configure:2915: checking for gcc
configure:2947: result: clang
configure:3300: checking for C compiler version
configure:3309: clang --version >&5
clang version 11.1.0
Target: x86_64-pc-linux-gnu
Thread model: posix
InstalledDir: /usr/bin
configure:3320: $? = 0
configure:3309: clang -v >&5
clang version 11.1.0
Target: x86_64-pc-linux-gnu
Thread model: posix
InstalledDir: /usr/bin
Found candidate GCC installation: /usr/bin/../lib/gcc/x86_64-pc-linux-gnu/10.2.0
Found candidate GCC installation: /usr/bin/../lib64/gcc/x86_64-pc-linux-gnu/10.2.0
Found candidate GCC installation: /usr/lib/gcc/x86_64-pc-linux-gnu/10.2.0
Found candidate GCC installation: /usr/lib64/gcc/x86_64-pc-linux-gnu/10.2.0
Selected GCC installation: /usr/bin/../lib64/gcc/x86_64-pc-linux-gnu/10.2.0
Candidate multilib: .;@m64
... rest of stderr output deleted ...
configure:3320: $? = 0
configure:3309: clang -V >&5
clang-11: error: argument to '-V' is missing (expected 1 value)
clang-11: error: no input files
configure:3320: $? = 1
configure:3309: clang -qversion >&5
clang-11: error: unknown argument '-qversion'; did you mean '--version'?
clang-11: error: no input files
configure:3320: $? = 1
configure:3309: clang -version >&5
clang-11: error: unknown argument '-version'; did you mean '--version'?
clang-11: error: no input files
configure:3320: $? = 1
configure:3340: checking whether the C compiler works
configure:3362: clang    conftest.c  >&5
configure:3366: $? = 0
configure:3416: result: yes
configure:3419: checking for C compiler default output file name
configure:3421: result: a.out
configure:3427: checking for suffix of executables
configure:3434: clang -o conftest    conftest.c  >&5
configure:3438: $? = 0
configure:3461: result: 
configure:3483: checking whether we are cross compiling
configure:3491: clang -o conftest    conftest.c  >&5
configure:3495: $? = 0
configure:3502: ./conftest
configure:3506: $? = 0
configure:3521: result: no
configure:3526: checking for suffix of object files
configure:3549: clang -c   conftest.c >&5
configure:3553: $? = 0
configure:3575: result: o
configure:3579: checking whether the compiler supports GNU C
configure:3599: clang -c   conftest.c >&5
configure:3599: $? = 0
configure:3609: result: yes
configure:3620: checking whether clang accepts -g
configure:3641: clang -c -g  conftest.c >&5
configure:3641: $? = 0
configure:3685: result: yes
configure:3705: checking for clang option to enable C11 features
configure:3720: clang  -c -g -O2  conftest.c >&5
configure:3720: $? = 0
configure:3738: result: none needed
configure:3854: checking whether clang understands -c and -o together
configure:3877: clang -c conftest.c -o conftest2.o
configure:3880: $? = 0
configure:3877: clang -c conftest.c -o conftest2.o
configure:3880: $? = 0
configure:3892: result: yes
configure:3912: checking whether make supports the include directive
configure:3927: make -f confmf.GNU && cat confinc.out
this is the am__doit target
configure:3930: $? = 0
configure:3949: result: yes (GNU style)
configure:3975: checking dependency style of clang
configure:4087: result: gcc3
configure:4243: checking that generated files are newer than configure
configure:4249: result: done
configure:4272: creating ./config.status

## ---------------------- ##
## Running config.status. ##
## ---------------------- ##

This file was extended by date chmod link uname config.status 0.4, which was
generated by GNU Autoconf 2.71.  Invocation command line was

  CONFIG_FILES    = 
  CONFIG_HEADERS  = 
  CONFIG_LINKS    = 
  CONFIG_COMMANDS = 
  $ ./config.status 

on ethan-archlinux

config.status:766: creating Makefile
config.status:938: executing depfiles commands
config.status:1015: cd .       && sed -e '/# am--include-marker/d' Makefile         | make -f - am--depfiles
make: Nothing to be done for 'am--depfiles'.
config.status:1020: $? = 0

## ---------------- ##
## Cache variables. ##
## ---------------- ##

ac_cv_c_compiler_gnu=yes
ac_cv_env_CC_set=set
ac_cv_env_CC_value=clang
ac_cv_env_CFLAGS_set=
ac_cv_env_CFLAGS_value=
ac_cv_env_CPPFLAGS_set=
ac_cv_env_CPPFLAGS_value=
ac_cv_env_LDFLAGS_set=
ac_cv_env_LDFLAGS_value=
ac_cv_env_LIBS_set=
ac_cv_env_LIBS_value=
ac_cv_env_build_alias_set=
ac_cv_env_build_alias_value=
ac_cv_env_host_alias_set=
ac_cv_env_host_alias_value=
ac_cv_env_target_alias_set=
ac_cv_env_target_alias_value=
ac_cv_objext=o
ac_cv_path_install='/usr/bin/install -c'
ac_cv_path_mkdir=/usr/bin/mkdir
ac_cv_prog_AWK=gawk
ac_cv_prog_ac_ct_CC=clang
ac_cv_prog_cc_c11=
ac_cv_prog_cc_g=yes
ac_cv_prog_cc_stdc=
ac_cv_prog_make_make_set=yes
am_cv_CC_dependencies_compiler_type=gcc3
am_cv_make_support_nested_variables=yes
am_cv_prog_cc_c_o=yes

## ----------------- ##
## Output variables. ##
## ----------------- ##

ACLOCAL='${SHELL} '\''/home/ethan/ezcore-test/ezcore/missing'\'' aclocal-1.16'
AMDEPBACKSLASH='\'
AMDEP_FALSE='#'
AMDEP_TRUE=''
AMTAR='$${TAR-tar}'
AM_BACKSLASH='\'
AM_DEFAULT_V='$(AM_DEFAULT_VERBOSITY)'
AM_DEFAULT_VERBOSITY='1'
AM_V='$(V)'
AUTOCONF='${SHELL} '\''/home/ethan/ezcore-test/ezcore/missing'\'' autoconf'
AUTOHEADER='${SHELL} '\''/home/ethan/ezcore-test/ezcore/missing'\'' autoheader'
AUTOMAKE='${SHELL} '\''/home/ethan/ezcore-test/ezcore/missing'\'' automake-1.16'
AWK='gawk'
CC='clang'
CCDEPMODE='depmode=gcc3'
CFLAGS='-g -O2'
CPPFLAGS=''
CYGPATH_W='echo'
DEFS='-DPACKAGE_NAME=\"date\ chmod\ link\ uname\" -DPACKAGE_TARNAME=\"date-chmod-link-uname\" -DPACKAGE_VERSION=\"0.4\" -DPACKAGE_STRING=\"date\ chmod\ link\ uname\ 0.4\" -DPACKAGE_BUGREPORT=\"ethanatchley2006@gmail.com\" -DPACKAGE_URL=\"\" -DPACKAGE=\"date-chmod-link-uname\" -DVERSION=\"0.4\"'
DEPDIR='.deps'
ECHO_C=''
ECHO_N='-n'
ECHO_T=''
EXEEXT=''
INSTALL_DATA='${INSTALL} -m 644'
INSTALL_PROGRAM='${INSTALL}'
INSTALL_SCRIPT='${INSTALL}'
INSTALL_STRIP_PROGRAM='$(install_sh) -c -s'
LDFLAGS=''
LIBOBJS=''
LIBS=''
LTLIBOBJS=''
MAKEINFO='${SHELL} '\''/home/ethan/ezcore-test/ezcore/missing'\'' makeinfo'
MKDIR_P='/usr/bin/mkdir -p'
OBJEXT='o'
PACKAGE='date-chmod-link-uname'
PACKAGE_BUGREPORT='ethanatchley2006@gmail.com'
PACKAGE_NAME='date chmod link uname'
PACKAGE_STRING='date chmod link uname 0.4'
PACKAGE_TARNAME='date-chmod-link-uname'
PACKAGE_URL=''
PACKAGE_VERSION='0.4'
PATH_SEPARATOR=':'
SET_MAKE=''
SHELL='/bin/sh'
STRIP=''
VERSION='0.4'
ac_ct_CC='clang'
am__EXEEXT_FALSE=''
am__EXEEXT_TRUE='#'
am__fastdepCC_FALSE='#'
am__fastdepCC_TRUE=''
am__include='include'
am__isrc=''
am__leading_dot='.'
am__nodep='_no'
am__quote=''
am__tar='$${TAR-tar} chof - "$$tardir"'
am__untar='$${TAR-tar} xf -'
bindir='${exec_prefix}/bin'
build_alias=''
datadir='${datarootdir}'
datarootdir='${prefix}/share'
docdir='${datarootdir}/doc/${PACKAGE_TARNAME}'
dvidir='${docdir}'
exec_prefix='${prefix}'
host_alias=''
htmldir='${docdir}'
includedir='${prefix}/include'
infodir='${datarootdir}/info'
install_sh='${SHELL} /home/ethan/ezcore-test/ezcore/install-sh'
libdir='${exec_prefix}/lib'
libexecdir='${exec_prefix}/libexec'
localedir='${datarootdir}/locale'
localstatedir='${prefix}/var'
mandir='${datarootdir}/man'
mkdir_p='$(MKDIR_P)'
oldincludedir='/usr/include'
pdfdir='${docdir}'
prefix='/usr'
program_transform_name='s,x,x,'
psdir='${docdir}'
runstatedir='${localstatedir}/run'
sbindir='${exec_prefix}/sbin'
sharedstatedir='${prefix}/com'
sysconfdir='${prefix}/etc'
target_alias=''

## ----------- ##
## confdefs.h. ##
## ----------- ##

/* confdefs.h */
#define PACKAGE_NAME "date chmod link uname"
#define PACKAGE_TARNAME "date-chmod-link-uname"
#define PACKAGE_VERSION "0.4"
#define PACKAGE_STRING "date chmod link uname 0.4"
#define PACKAGE_BUGREPORT "ethanatchley2006@gmail.com"
#define PACKAGE_URL ""
#define PACKAGE "date-chmod-link-uname"
#define VERSION "0.4"

configure: exit 0
